

================================================================
== Vivado HLS Report for 'Block_proc'
================================================================
* Date:           Mon Oct 30 15:29:16 2017

* Version:        2017.2 (Build 1909853 on Thu Jun 15 18:55:24 MDT 2017)
* Project:        proj_hls_stream
* Solution:       solution1
* Product family: kintex7
* Target device:  xc7k160tfbg484-1


================================================================
== Performance Estimates
================================================================
+ Timing (ns): 
    * Summary: 
    +--------+-------+----------+------------+
    |  Clock | Target| Estimated| Uncertainty|
    +--------+-------+----------+------------+
    |ap_clk  |   5.00|      2.85|        0.62|
    +--------+-------+----------+------------+

+ Latency (clock cycles): 
    * Summary: 
    +-----+-----+-----+-----+---------+
    |  Latency  |  Interval | Pipeline|
    | min | max | min | max |   Type  |
    +-----+-----+-----+-----+---------+
    |    0|    0|    0|    0|   none  |
    +-----+-----+-----+-----+---------+

    + Detail: 
        * Instance: 
        N/A

        * Loop: 
        N/A

============================================================
+ Verbose Summary: Synthesis Manager
============================================================
InlineROM: 1
ExposeGlobal: 0
============================================================
+ Verbose Summary: CDFG Model
============================================================
IsTopModel: 0
ResetActiveHigh: 1
IsCombinational: 2
IsDatapathOnly: 0
HasWiredReturn: 1
HasMFsm: 0
HasVarLatency: 0
IsPipeline: 0
IsRtlPipelined: 0
IsInstanceOverlapped: 0
IsDontTouch: 0
HasImplIP: 0
IsGatedGlobalClock: 0


============================================================
+ Verbose Summary: Schedule
============================================================
* Number of FSM states: 1
* Pipeline: 0
* Dataflow Pipeline: 0

* FSM state transitions: 
1 --> 
* FSM state operations: 

 <State 1>: 2.85ns
ST_1: StgValue_2 (3)  [1/1] 0.00ns
entry:0  call void (...)* @_ssdm_op_SpecInterface(i14* %bytes_out_len_out_out, [8 x i8]* @ap_fifo_str, i32 0, i32 0, [1 x i8]* @p_str58, i32 0, i32 0, [1 x i8]* @p_str59, [1 x i8]* @p_str60, [1 x i8]* @p_str61, i32 2, i32 2, i32 16, i32 16, [1 x i8]* @p_str62, [1 x i8]* @p_str63)

ST_1: StgValue_3 (4)  [1/1] 0.00ns
entry:1  call void (...)* @_ssdm_op_SpecInterface(i16* %strm_len, [8 x i8]* @ap_fifo_str, i32 0, i32 0, [1 x i8]* @p_str52, i32 0, i32 0, [1 x i8]* @p_str53, [1 x i8]* @p_str54, [1 x i8]* @p_str55, i32 2, i32 2, i32 16, i32 16, [1 x i8]* @p_str56, [1 x i8]* @p_str57)

ST_1: strm_len_read (5)  [1/1] 1.43ns
entry:2  %strm_len_read = call i16 @_ssdm_op_Read.ap_fifo.i16P(i16* %strm_len)

ST_1: dwords_in_len_cast_o (6)  [1/1] 0.00ns  loc: bytestrm_dwordproc.cpp:121
entry:3  %dwords_in_len_cast_o = call i14 @_ssdm_op_PartSelect.i14.i16.i32.i32(i16 %strm_len_read, i32 2, i32 15)

ST_1: tmp (7)  [1/1] 0.00ns
entry:4  %tmp = call i12 @_ssdm_op_PartSelect.i12.i16.i32.i32(i16 %strm_len_read, i32 4, i32 15)

ST_1: bytes_out_len (8)  [1/1] 0.00ns  loc: bytestrm_dwordproc.cpp:122
entry:5  %bytes_out_len = call i14 @_ssdm_op_BitConcatenate.i14.i12.i2(i12 %tmp, i2 0)

ST_1: StgValue_8 (9)  [1/1] 1.43ns  loc: bytestrm_dwordproc.cpp:122
entry:6  call void @_ssdm_op_Write.ap_fifo.i14P(i14* %bytes_out_len_out_out, i14 %bytes_out_len)

ST_1: StgValue_9 (10)  [1/1] 0.00ns  loc: bytestrm_dwordproc.cpp:121
entry:7  ret i14 %dwords_in_len_cast_o



============================================================
+ Verbose Summary: Timing violations
============================================================
Target clock period: 5ns, clock uncertainty: 0.625ns.

 <State 1>: 2.85ns
The critical path consists of the following:
	fifo read on port 'strm_len' [5]  (1.43 ns)
	fifo write on port 'bytes_out_len_out_out' (bytestrm_dwordproc.cpp:122) [9]  (1.43 ns)


============================================================
+ Verbose Summary: Binding
============================================================
N/A
* FSMD analyzer results:
  - Output states:
 - Input state : 
  - Chain level:
	State 1


============================================================
+ Verbose Summary: Datapath Resource usage 
============================================================
N/A
