

================================================================
== Vivado HLS Report for 'decimate_strm'
================================================================
* Date:           Mon Oct 30 15:29:16 2017

* Version:        2017.2 (Build 1909853 on Thu Jun 15 18:55:24 MDT 2017)
* Project:        proj_hls_stream
* Solution:       solution1
* Product family: kintex7
* Target device:  xc7k160tfbg484-1


================================================================
== Performance Estimates
================================================================
+ Timing (ns): 
    * Summary: 
    +--------+-------+----------+------------+
    |  Clock | Target| Estimated| Uncertainty|
    +--------+-------+----------+------------+
    |ap_clk  |   5.00|      4.33|        0.62|
    +--------+-------+----------+------------+

+ Latency (clock cycles): 
    * Summary: 
    +-----+-----+-----+-----+---------+
    |  Latency  |  Interval | Pipeline|
    | min | max | min | max |   Type  |
    +-----+-----+-----+-----+---------+
    |    2|  375|    2|  375|   none  |
    +-----+-----+-----+-----+---------+

    + Detail: 
        * Instance: 
        N/A

        * Loop: 
        +-----------------------------+-----+-----+----------+-----------+-----------+---------+----------+
        |                             |  Latency  | Iteration|  Initiation Interval  |   Trip  |          |
        |          Loop Name          | min | max |  Latency |  achieved |   target  |  Count  | Pipelined|
        +-----------------------------+-----+-----+----------+-----------+-----------+---------+----------+
        |- STREAM_LOOP_DECIMATE_LOOP  |    0|  373|         3|          1|          1| 0 ~ 372 |    yes   |
        +-----------------------------+-----+-----+----------+-----------+-----------+---------+----------+

============================================================
+ Verbose Summary: Synthesis Manager
============================================================
InlineROM: 1
ExposeGlobal: 0
============================================================
+ Verbose Summary: CDFG Model
============================================================
IsTopModel: 0
ResetActiveHigh: 1
IsCombinational: 2
IsDatapathOnly: 0
HasWiredReturn: 1
HasMFsm: 0
HasVarLatency: 1
IsPipeline: 0
IsRtlPipelined: 0
IsInstanceOverlapped: 0
IsDontTouch: 0
HasImplIP: 0
IsGatedGlobalClock: 0

+ Individual pipeline summary: 
  * Pipeline-0: initiation interval (II) = 1, depth = 3


============================================================
+ Verbose Summary: Schedule
============================================================
* Number of FSM states: 5
* Pipeline: 1
  Pipeline-0: II = 1, D = 3, States = { 2 3 4 }
* Dataflow Pipeline: 0

* FSM state transitions: 
1 --> 
	2  / true
2 --> 
	5  / (exitcond_flatten)
	3  / (!exitcond_flatten)
3 --> 
	4  / true
4 --> 
	2  / true
5 --> 
* FSM state operations: 

 <State 1>: 1.03ns
ST_1: StgValue_6 (4)  [1/1] 0.00ns
entry:0  call void (...)* @_ssdm_op_SpecInterface(i32* %strm_out_V, [8 x i8]* @ap_fifo_str, i32 0, i32 0, [1 x i8]* @p_str15, i32 0, i32 0, [1 x i8]* @p_str16, [1 x i8]* @p_str17, [1 x i8]* @p_str18, i32 2, i32 2, i32 16, i32 16, [1 x i8]* @p_str19, [1 x i8]* @p_str20)

ST_1: StgValue_7 (5)  [1/1] 0.00ns
entry:1  call void (...)* @_ssdm_op_SpecInterface(i32* %strm_in_V, [8 x i8]* @ap_fifo_str, i32 0, i32 0, [1 x i8]* @p_str8, i32 0, i32 0, [1 x i8]* @p_str9, [1 x i8]* @p_str10, [1 x i8]* @p_str11, i32 2, i32 2, i32 16, i32 16, [1 x i8]* @p_str12, [1 x i8]* @p_str13)

ST_1: strm_len_read (6)  [1/1] 0.00ns
entry:2  %strm_len_read = call i14 @_ssdm_op_Read.ap_auto.i14(i14 %strm_len)

ST_1: tmp_7 (7)  [1/1] 0.00ns
entry:3  %tmp_7 = call i12 @_ssdm_op_PartSelect.i12.i14.i32.i32(i14 %strm_len_read, i32 2, i32 13)

ST_1: tmp_8 (8)  [1/1] 0.00ns
entry:4  %tmp_8 = call i14 @_ssdm_op_BitConcatenate.i14.i12.i2(i12 %tmp_7, i2 0)

ST_1: StgValue_11 (9)  [1/1] 1.03ns  loc: bytestrm_dwordproc.cpp:143->bytestrm_dwordproc.cpp:127
entry:5  br label %0


 <State 2>: 4.33ns
ST_2: indvar_flatten (11)  [1/1] 0.00ns
:0  %indvar_flatten = phi i14 [ 0, %entry ], [ %indvar_flatten_next, %._crit_edge.i ]

ST_2: j_i (12)  [1/1] 0.00ns
:1  %j_i = phi i3 [ 0, %entry ], [ %j, %._crit_edge.i ]

ST_2: acc_i (13)  [1/1] 0.00ns
:2  %acc_i = phi i34 [ 0, %entry ], [ %acc, %._crit_edge.i ]

ST_2: exitcond_flatten (14)  [1/1] 1.94ns
:3  %exitcond_flatten = icmp eq i14 %indvar_flatten, %tmp_8

ST_2: indvar_flatten_next (15)  [1/1] 1.68ns
:4  %indvar_flatten_next = add i14 %indvar_flatten, 1

ST_2: StgValue_17 (16)  [1/1] 0.00ns
:5  br i1 %exitcond_flatten, label %decimate_strm.exit, label %.reset

ST_2: tmp_3_i3 (20)  [1/1] 1.40ns  loc: bytestrm_dwordproc.cpp:147->bytestrm_dwordproc.cpp:127
.reset:2  %tmp_3_i3 = icmp eq i3 %j_i, -4

ST_2: j_i_mid2 (21)  [1/1] 1.40ns  loc: bytestrm_dwordproc.cpp:147->bytestrm_dwordproc.cpp:127
.reset:3  %j_i_mid2 = select i1 %tmp_3_i3, i3 0, i3 %j_i

ST_2: tmp_5_i (29)  [1/1] 1.40ns  loc: bytestrm_dwordproc.cpp:152->bytestrm_dwordproc.cpp:127
.reset:11  %tmp_5_i = icmp eq i3 %j_i_mid2, 3

ST_2: StgValue_21 (30)  [1/1] 0.00ns  loc: bytestrm_dwordproc.cpp:152->bytestrm_dwordproc.cpp:127
.reset:12  br i1 %tmp_5_i, label %1, label %._crit_edge.i

ST_2: j (37)  [1/1] 1.54ns  loc: bytestrm_dwordproc.cpp:147->bytestrm_dwordproc.cpp:127
._crit_edge.i:1  %j = add i3 %j_i_mid2, 1


 <State 3>: 3.17ns
ST_3: acc_i_mid2 (22)  [1/1] 0.00ns  loc: bytestrm_dwordproc.cpp:147->bytestrm_dwordproc.cpp:127 (grouped into LUT with out node acc)
.reset:4  %acc_i_mid2 = select i1 %tmp_3_i3, i34 0, i34 %acc_i

ST_3: tmp (26)  [1/1] 1.43ns  loc: bytestrm_dwordproc.cpp:149->bytestrm_dwordproc.cpp:127
.reset:8  %tmp = call i32 @_ssdm_op_Read.ap_fifo.volatile.i32P(i32* %strm_in_V)

ST_3: tmp_4_cast_i (27)  [1/1] 0.00ns  loc: bytestrm_dwordproc.cpp:149->bytestrm_dwordproc.cpp:127 (grouped into LUT with out node acc)
.reset:9  %tmp_4_cast_i = sext i32 %tmp to i34

ST_3: acc (28)  [1/1] 1.75ns  loc: bytestrm_dwordproc.cpp:149->bytestrm_dwordproc.cpp:127 (out node of the LUT)
.reset:10  %acc = add i34 %tmp_4_cast_i, %acc_i_mid2

ST_3: tmp_6 (32)  [1/1] 0.00ns  loc: bytestrm_dwordproc.cpp:153->bytestrm_dwordproc.cpp:127
:0  %tmp_6 = call i32 @_ssdm_op_PartSelect.i32.i34.i32.i32(i34 %acc, i32 2, i32 33)


 <State 4>: 1.43ns
ST_4: StgValue_28 (18)  [1/1] 0.00ns
.reset:0  call void (...)* @_ssdm_op_SpecLoopName([26 x i8]* @STREAM_LOOP_DECIMATE)

ST_4: StgValue_29 (19)  [1/1] 0.00ns
.reset:1  call void (...)* @_ssdm_op_SpecLoopTripCount(i64 0, i64 372, i64 184)

ST_4: StgValue_30 (23)  [1/1] 0.00ns  loc: bytestrm_dwordproc.cpp:147->bytestrm_dwordproc.cpp:127
.reset:5  call void (...)* @_ssdm_op_SpecLoopName([14 x i8]* @p_str6) nounwind

ST_4: tmp_12_i (24)  [1/1] 0.00ns  loc: bytestrm_dwordproc.cpp:147->bytestrm_dwordproc.cpp:127
.reset:6  %tmp_12_i = call i32 (...)* @_ssdm_op_SpecRegionBegin([14 x i8]* @p_str6)

ST_4: StgValue_32 (25)  [1/1] 0.00ns  loc: bytestrm_dwordproc.cpp:148->bytestrm_dwordproc.cpp:127
.reset:7  call void (...)* @_ssdm_op_SpecPipeline(i32 -1, i32 1, i32 1, i32 0, [1 x i8]* @p_str2) nounwind

ST_4: StgValue_33 (33)  [1/1] 1.43ns  loc: bytestrm_dwordproc.cpp:153->bytestrm_dwordproc.cpp:127
:1  call void @_ssdm_op_Write.ap_fifo.volatile.i32P(i32* %strm_out_V, i32 %tmp_6)

ST_4: StgValue_34 (34)  [1/1] 0.00ns  loc: bytestrm_dwordproc.cpp:153->bytestrm_dwordproc.cpp:127
:2  br label %._crit_edge.i

ST_4: empty (36)  [1/1] 0.00ns  loc: bytestrm_dwordproc.cpp:154->bytestrm_dwordproc.cpp:127
._crit_edge.i:0  %empty = call i32 (...)* @_ssdm_op_SpecRegionEnd([14 x i8]* @p_str6, i32 %tmp_12_i)

ST_4: StgValue_36 (38)  [1/1] 0.00ns
._crit_edge.i:2  br label %0


 <State 5>: 0.00ns
ST_5: StgValue_37 (40)  [1/1] 0.00ns
decimate_strm.exit:0  ret void



============================================================
+ Verbose Summary: Binding
============================================================
STG Binding: 
---------------- STG Properties BEGIN ----------------
- Is combinational: 0
- Is one-state seq: 0
- Is datapath-only: 0
- Is pipelined: 0
- Is top level: 0
Port [ Return ] is wired: 1; IO mode=ap_ctrl_hs:ce=0
Port [ strm_out_V]:  wired=1; compound=1; hidden=0; nouse=0; global=0; static=0; extern=0; dir=1; type=3; pingpong=0; private_global=0; IO mode=ap_fifo:ce=0
Port [ strm_in_V]:  wired=1; compound=1; hidden=0; nouse=0; global=0; static=0; extern=0; dir=0; type=3; pingpong=0; private_global=0; IO mode=ap_fifo:ce=0
Port [ strm_len]:  wired=1; compound=0; hidden=0; nouse=0; global=0; static=0; extern=0; dir=0; type=0; pingpong=0; private_global=0; IO mode=ap_none:ce=0
---------------- STG Properties END ------------------

---------------- Datapath Model BEGIN ----------------

<LifeTime>
<method=bitvector/>
StgValue_6          (specinterface    ) [ 000000]
StgValue_7          (specinterface    ) [ 000000]
strm_len_read       (read             ) [ 000000]
tmp_7               (partselect       ) [ 000000]
tmp_8               (bitconcatenate   ) [ 001110]
StgValue_11         (br               ) [ 011110]
indvar_flatten      (phi              ) [ 001000]
j_i                 (phi              ) [ 001000]
acc_i               (phi              ) [ 001100]
exitcond_flatten    (icmp             ) [ 001110]
indvar_flatten_next (add              ) [ 011110]
StgValue_17         (br               ) [ 000000]
tmp_3_i3            (icmp             ) [ 001100]
j_i_mid2            (select           ) [ 000000]
tmp_5_i             (icmp             ) [ 001110]
StgValue_21         (br               ) [ 000000]
j                   (add              ) [ 011110]
acc_i_mid2          (select           ) [ 000000]
tmp                 (read             ) [ 000000]
tmp_4_cast_i        (sext             ) [ 000000]
acc                 (add              ) [ 011010]
tmp_6               (partselect       ) [ 001010]
StgValue_28         (specloopname     ) [ 000000]
StgValue_29         (speclooptripcount) [ 000000]
StgValue_30         (specloopname     ) [ 000000]
tmp_12_i            (specregionbegin  ) [ 000000]
StgValue_32         (specpipeline     ) [ 000000]
StgValue_33         (write            ) [ 000000]
StgValue_34         (br               ) [ 000000]
empty               (specregionend    ) [ 000000]
StgValue_36         (br               ) [ 011110]
StgValue_37         (ret              ) [ 000000]
</LifeTime>

<model>

<comp_list>
<comp id="0" class="1000" name="strm_out_V">
<pin_list>
<pin id="1" dir="1" index="0" bw="1" slack="0"/>
</pin_list>
<bind>
<StgValue><ssdm name="strm_out_V"/></StgValue>
</bind>
</comp>

<comp id="2" class="1000" name="strm_in_V">
<pin_list>
<pin id="3" dir="1" index="0" bw="1" slack="0"/>
</pin_list>
<bind>
<StgValue><ssdm name="strm_in_V"/></StgValue>
</bind>
</comp>

<comp id="4" class="1000" name="strm_len">
<pin_list>
<pin id="5" dir="1" index="0" bw="1" slack="0"/>
</pin_list>
<bind>
<StgValue><ssdm name="strm_len"/></StgValue>
</bind>
</comp>

<comp id="6" class="1001" name="const_6">
<pin_list>
<pin id="7" dir="1" index="0" bw="1" slack="2147483647"/>
</pin_list>
<bind>
<StgValue><ssdm name="_ssdm_op_SpecInterface"/></StgValue>
</bind>
</comp>

<comp id="8" class="1001" name="const_8">
<pin_list>
<pin id="9" dir="1" index="0" bw="1" slack="2147483647"/>
</pin_list>
<bind>
<StgValue><ssdm name="ap_fifo_str"/></StgValue>
</bind>
</comp>

<comp id="10" class="1001" name="const_10">
<pin_list>
<pin id="11" dir="1" index="0" bw="1" slack="2147483647"/>
</pin_list>
<bind>
<StgValue><ssdm name=""/></StgValue>
</bind>
</comp>

<comp id="12" class="1001" name="const_12">
<pin_list>
<pin id="13" dir="1" index="0" bw="1" slack="2147483647"/>
</pin_list>
<bind>
<StgValue><ssdm name="p_str15"/></StgValue>
</bind>
</comp>

<comp id="14" class="1001" name="const_14">
<pin_list>
<pin id="15" dir="1" index="0" bw="1" slack="2147483647"/>
</pin_list>
<bind>
<StgValue><ssdm name="p_str16"/></StgValue>
</bind>
</comp>

<comp id="16" class="1001" name="const_16">
<pin_list>
<pin id="17" dir="1" index="0" bw="1" slack="2147483647"/>
</pin_list>
<bind>
<StgValue><ssdm name="p_str17"/></StgValue>
</bind>
</comp>

<comp id="18" class="1001" name="const_18">
<pin_list>
<pin id="19" dir="1" index="0" bw="1" slack="2147483647"/>
</pin_list>
<bind>
<StgValue><ssdm name="p_str18"/></StgValue>
</bind>
</comp>

<comp id="20" class="1001" name="const_20">
<pin_list>
<pin id="21" dir="1" index="0" bw="1" slack="0"/>
</pin_list>
<bind>
<StgValue><ssdm name=""/></StgValue>
</bind>
</comp>

<comp id="22" class="1001" name="const_22">
<pin_list>
<pin id="23" dir="1" index="0" bw="1" slack="2147483647"/>
</pin_list>
<bind>
<StgValue><ssdm name=""/></StgValue>
</bind>
</comp>

<comp id="24" class="1001" name="const_24">
<pin_list>
<pin id="25" dir="1" index="0" bw="1" slack="2147483647"/>
</pin_list>
<bind>
<StgValue><ssdm name="p_str19"/></StgValue>
</bind>
</comp>

<comp id="26" class="1001" name="const_26">
<pin_list>
<pin id="27" dir="1" index="0" bw="1" slack="2147483647"/>
</pin_list>
<bind>
<StgValue><ssdm name="p_str20"/></StgValue>
</bind>
</comp>

<comp id="28" class="1001" name="const_28">
<pin_list>
<pin id="29" dir="1" index="0" bw="1" slack="2147483647"/>
</pin_list>
<bind>
<StgValue><ssdm name="p_str8"/></StgValue>
</bind>
</comp>

<comp id="30" class="1001" name="const_30">
<pin_list>
<pin id="31" dir="1" index="0" bw="1" slack="2147483647"/>
</pin_list>
<bind>
<StgValue><ssdm name="p_str9"/></StgValue>
</bind>
</comp>

<comp id="32" class="1001" name="const_32">
<pin_list>
<pin id="33" dir="1" index="0" bw="1" slack="2147483647"/>
</pin_list>
<bind>
<StgValue><ssdm name="p_str10"/></StgValue>
</bind>
</comp>

<comp id="34" class="1001" name="const_34">
<pin_list>
<pin id="35" dir="1" index="0" bw="1" slack="2147483647"/>
</pin_list>
<bind>
<StgValue><ssdm name="p_str11"/></StgValue>
</bind>
</comp>

<comp id="36" class="1001" name="const_36">
<pin_list>
<pin id="37" dir="1" index="0" bw="1" slack="2147483647"/>
</pin_list>
<bind>
<StgValue><ssdm name="p_str12"/></StgValue>
</bind>
</comp>

<comp id="38" class="1001" name="const_38">
<pin_list>
<pin id="39" dir="1" index="0" bw="1" slack="2147483647"/>
</pin_list>
<bind>
<StgValue><ssdm name="p_str13"/></StgValue>
</bind>
</comp>

<comp id="40" class="1001" name="const_40">
<pin_list>
<pin id="41" dir="1" index="0" bw="1" slack="0"/>
</pin_list>
<bind>
<StgValue><ssdm name="_ssdm_op_Read.ap_auto.i14"/></StgValue>
</bind>
</comp>

<comp id="42" class="1001" name="const_42">
<pin_list>
<pin id="43" dir="1" index="0" bw="1" slack="0"/>
</pin_list>
<bind>
<StgValue><ssdm name="_ssdm_op_PartSelect.i12.i14.i32.i32"/></StgValue>
</bind>
</comp>

<comp id="44" class="1001" name="const_44">
<pin_list>
<pin id="45" dir="1" index="0" bw="1" slack="0"/>
</pin_list>
<bind>
<StgValue><ssdm name=""/></StgValue>
</bind>
</comp>

<comp id="46" class="1001" name="const_46">
<pin_list>
<pin id="47" dir="1" index="0" bw="1" slack="0"/>
</pin_list>
<bind>
<StgValue><ssdm name="_ssdm_op_BitConcatenate.i14.i12.i2"/></StgValue>
</bind>
</comp>

<comp id="48" class="1001" name="const_48">
<pin_list>
<pin id="49" dir="1" index="0" bw="1" slack="0"/>
</pin_list>
<bind>
<StgValue><ssdm name=""/></StgValue>
</bind>
</comp>

<comp id="50" class="1001" name="const_50">
<pin_list>
<pin id="51" dir="1" index="0" bw="1" slack="1"/>
</pin_list>
<bind>
<StgValue><ssdm name=""/></StgValue>
</bind>
</comp>

<comp id="52" class="1001" name="const_52">
<pin_list>
<pin id="53" dir="1" index="0" bw="1" slack="0"/>
</pin_list>
<bind>
<StgValue><ssdm name=""/></StgValue>
</bind>
</comp>

<comp id="54" class="1001" name="const_54">
<pin_list>
<pin id="55" dir="1" index="0" bw="1" slack="0"/>
</pin_list>
<bind>
<StgValue><ssdm name=""/></StgValue>
</bind>
</comp>

<comp id="56" class="1001" name="const_56">
<pin_list>
<pin id="57" dir="1" index="0" bw="1" slack="0"/>
</pin_list>
<bind>
<StgValue><ssdm name=""/></StgValue>
</bind>
</comp>

<comp id="58" class="1001" name="const_58">
<pin_list>
<pin id="59" dir="1" index="0" bw="1" slack="0"/>
</pin_list>
<bind>
<StgValue><ssdm name=""/></StgValue>
</bind>
</comp>

<comp id="60" class="1001" name="const_60">
<pin_list>
<pin id="61" dir="1" index="0" bw="1" slack="0"/>
</pin_list>
<bind>
<StgValue><ssdm name=""/></StgValue>
</bind>
</comp>

<comp id="62" class="1001" name="const_62">
<pin_list>
<pin id="63" dir="1" index="0" bw="1" slack="0"/>
</pin_list>
<bind>
<StgValue><ssdm name=""/></StgValue>
</bind>
</comp>

<comp id="64" class="1001" name="const_64">
<pin_list>
<pin id="65" dir="1" index="0" bw="1" slack="0"/>
</pin_list>
<bind>
<StgValue><ssdm name="_ssdm_op_Read.ap_fifo.volatile.i32P"/></StgValue>
</bind>
</comp>

<comp id="66" class="1001" name="const_66">
<pin_list>
<pin id="67" dir="1" index="0" bw="1" slack="0"/>
</pin_list>
<bind>
<StgValue><ssdm name="_ssdm_op_PartSelect.i32.i34.i32.i32"/></StgValue>
</bind>
</comp>

<comp id="68" class="1001" name="const_68">
<pin_list>
<pin id="69" dir="1" index="0" bw="1" slack="0"/>
</pin_list>
<bind>
<StgValue><ssdm name=""/></StgValue>
</bind>
</comp>

<comp id="70" class="1001" name="const_70">
<pin_list>
<pin id="71" dir="1" index="0" bw="1" slack="2147483647"/>
</pin_list>
<bind>
<StgValue><ssdm name="_ssdm_op_SpecLoopName"/></StgValue>
</bind>
</comp>

<comp id="72" class="1001" name="const_72">
<pin_list>
<pin id="73" dir="1" index="0" bw="1" slack="2147483647"/>
</pin_list>
<bind>
<StgValue><ssdm name="STREAM_LOOP_DECIMATE"/></StgValue>
</bind>
</comp>

<comp id="74" class="1001" name="const_74">
<pin_list>
<pin id="75" dir="1" index="0" bw="1" slack="2147483647"/>
</pin_list>
<bind>
<StgValue><ssdm name="_ssdm_op_SpecLoopTripCount"/></StgValue>
</bind>
</comp>

<comp id="76" class="1001" name="const_76">
<pin_list>
<pin id="77" dir="1" index="0" bw="1" slack="2147483647"/>
</pin_list>
<bind>
<StgValue><ssdm name=""/></StgValue>
</bind>
</comp>

<comp id="78" class="1001" name="const_78">
<pin_list>
<pin id="79" dir="1" index="0" bw="1" slack="2147483647"/>
</pin_list>
<bind>
<StgValue><ssdm name=""/></StgValue>
</bind>
</comp>

<comp id="80" class="1001" name="const_80">
<pin_list>
<pin id="81" dir="1" index="0" bw="1" slack="2147483647"/>
</pin_list>
<bind>
<StgValue><ssdm name=""/></StgValue>
</bind>
</comp>

<comp id="82" class="1001" name="const_82">
<pin_list>
<pin id="83" dir="1" index="0" bw="1" slack="2147483647"/>
</pin_list>
<bind>
<StgValue><ssdm name="p_str6"/></StgValue>
</bind>
</comp>

<comp id="84" class="1001" name="const_84">
<pin_list>
<pin id="85" dir="1" index="0" bw="1" slack="2147483647"/>
</pin_list>
<bind>
<StgValue><ssdm name="_ssdm_op_SpecRegionBegin"/></StgValue>
</bind>
</comp>

<comp id="86" class="1001" name="const_86">
<pin_list>
<pin id="87" dir="1" index="0" bw="1" slack="2147483647"/>
</pin_list>
<bind>
<StgValue><ssdm name="_ssdm_op_SpecPipeline"/></StgValue>
</bind>
</comp>

<comp id="88" class="1001" name="const_88">
<pin_list>
<pin id="89" dir="1" index="0" bw="1" slack="2147483647"/>
</pin_list>
<bind>
<StgValue><ssdm name=""/></StgValue>
</bind>
</comp>

<comp id="90" class="1001" name="const_90">
<pin_list>
<pin id="91" dir="1" index="0" bw="1" slack="2147483647"/>
</pin_list>
<bind>
<StgValue><ssdm name=""/></StgValue>
</bind>
</comp>

<comp id="92" class="1001" name="const_92">
<pin_list>
<pin id="93" dir="1" index="0" bw="1" slack="2147483647"/>
</pin_list>
<bind>
<StgValue><ssdm name="p_str2"/></StgValue>
</bind>
</comp>

<comp id="94" class="1001" name="const_94">
<pin_list>
<pin id="95" dir="1" index="0" bw="1" slack="0"/>
</pin_list>
<bind>
<StgValue><ssdm name="_ssdm_op_Write.ap_fifo.volatile.i32P"/></StgValue>
</bind>
</comp>

<comp id="96" class="1001" name="const_96">
<pin_list>
<pin id="97" dir="1" index="0" bw="1" slack="2147483647"/>
</pin_list>
<bind>
<StgValue><ssdm name="_ssdm_op_SpecRegionEnd"/></StgValue>
</bind>
</comp>

<comp id="98" class="1004" name="strm_len_read_read_fu_98">
<pin_list>
<pin id="99" dir="0" index="0" bw="14" slack="0"/>
<pin id="100" dir="0" index="1" bw="14" slack="0"/>
<pin id="101" dir="1" index="2" bw="14" slack="0"/>
</pin_list>
<bind>
<opcode="read(1150) " fcode="read"/>
<opset="strm_len_read/1 "/>
</bind>
</comp>

<comp id="104" class="1004" name="tmp_read_fu_104">
<pin_list>
<pin id="105" dir="0" index="0" bw="32" slack="0"/>
<pin id="106" dir="0" index="1" bw="32" slack="0"/>
<pin id="107" dir="1" index="2" bw="32" slack="0"/>
</pin_list>
<bind>
<opcode="read(1150) " fcode="read"/>
<opset="tmp/3 "/>
</bind>
</comp>

<comp id="110" class="1004" name="StgValue_33_write_fu_110">
<pin_list>
<pin id="111" dir="0" index="0" bw="0" slack="0"/>
<pin id="112" dir="0" index="1" bw="32" slack="0"/>
<pin id="113" dir="0" index="2" bw="32" slack="1"/>
<pin id="114" dir="1" index="3" bw="0" slack="2147483647"/>
</pin_list>
<bind>
<opcode="write(1151) " fcode="write"/>
<opset="StgValue_33/4 "/>
</bind>
</comp>

<comp id="117" class="1005" name="indvar_flatten_reg_117">
<pin_list>
<pin id="118" dir="0" index="0" bw="14" slack="1"/>
<pin id="119" dir="1" index="1" bw="14" slack="1"/>
</pin_list>
<bind>
<opset="indvar_flatten (phireg) "/>
</bind>
</comp>

<comp id="121" class="1004" name="indvar_flatten_phi_fu_121">
<pin_list>
<pin id="122" dir="0" index="0" bw="1" slack="1"/>
<pin id="123" dir="0" index="1" bw="0" slack="2147483647"/>
<pin id="124" dir="0" index="2" bw="14" slack="0"/>
<pin id="125" dir="0" index="3" bw="0" slack="2147483647"/>
<pin id="126" dir="1" index="4" bw="14" slack="0"/>
</pin_list>
<bind>
<opcode="phi(47) " fcode="phi"/>
<opset="indvar_flatten/2 "/>
</bind>
</comp>

<comp id="128" class="1005" name="j_i_reg_128">
<pin_list>
<pin id="129" dir="0" index="0" bw="3" slack="1"/>
<pin id="130" dir="1" index="1" bw="3" slack="1"/>
</pin_list>
<bind>
<opset="j_i (phireg) "/>
</bind>
</comp>

<comp id="132" class="1004" name="j_i_phi_fu_132">
<pin_list>
<pin id="133" dir="0" index="0" bw="1" slack="1"/>
<pin id="134" dir="0" index="1" bw="0" slack="2147483647"/>
<pin id="135" dir="0" index="2" bw="3" slack="0"/>
<pin id="136" dir="0" index="3" bw="0" slack="2147483647"/>
<pin id="137" dir="1" index="4" bw="3" slack="0"/>
</pin_list>
<bind>
<opcode="phi(47) " fcode="phi"/>
<opset="j_i/2 "/>
</bind>
</comp>

<comp id="139" class="1005" name="acc_i_reg_139">
<pin_list>
<pin id="140" dir="0" index="0" bw="34" slack="1"/>
<pin id="141" dir="1" index="1" bw="34" slack="1"/>
</pin_list>
<bind>
<opset="acc_i (phireg) "/>
</bind>
</comp>

<comp id="143" class="1004" name="acc_i_phi_fu_143">
<pin_list>
<pin id="144" dir="0" index="0" bw="1" slack="1"/>
<pin id="145" dir="0" index="1" bw="0" slack="2147483647"/>
<pin id="146" dir="0" index="2" bw="34" slack="1"/>
<pin id="147" dir="0" index="3" bw="0" slack="2147483647"/>
<pin id="148" dir="1" index="4" bw="34" slack="1"/>
</pin_list>
<bind>
<opcode="phi(47) " fcode="phi"/>
<opset="acc_i/2 "/>
</bind>
</comp>

<comp id="151" class="1004" name="tmp_7_fu_151">
<pin_list>
<pin id="152" dir="0" index="0" bw="12" slack="0"/>
<pin id="153" dir="0" index="1" bw="14" slack="0"/>
<pin id="154" dir="0" index="2" bw="3" slack="0"/>
<pin id="155" dir="0" index="3" bw="5" slack="0"/>
<pin id="156" dir="1" index="4" bw="12" slack="0"/>
</pin_list>
<bind>
<opcode="partselect(1002) " fcode="partselect"/>
<opset="tmp_7/1 "/>
</bind>
</comp>

<comp id="161" class="1004" name="tmp_8_fu_161">
<pin_list>
<pin id="162" dir="0" index="0" bw="14" slack="0"/>
<pin id="163" dir="0" index="1" bw="12" slack="0"/>
<pin id="164" dir="0" index="2" bw="1" slack="0"/>
<pin id="165" dir="1" index="3" bw="14" slack="1"/>
</pin_list>
<bind>
<opcode="bitconcatenate(1004) " fcode="bitconcatenate"/>
<opset="tmp_8/1 "/>
</bind>
</comp>

<comp id="169" class="1004" name="exitcond_flatten_fu_169">
<pin_list>
<pin id="170" dir="0" index="0" bw="14" slack="0"/>
<pin id="171" dir="0" index="1" bw="14" slack="1"/>
<pin id="172" dir="1" index="2" bw="1" slack="1"/>
</pin_list>
<bind>
<opcode="icmp(45) " fcode="icmp"/>
<opset="exitcond_flatten/2 "/>
</bind>
</comp>

<comp id="174" class="1004" name="indvar_flatten_next_fu_174">
<pin_list>
<pin id="175" dir="0" index="0" bw="14" slack="0"/>
<pin id="176" dir="0" index="1" bw="1" slack="0"/>
<pin id="177" dir="1" index="2" bw="14" slack="0"/>
</pin_list>
<bind>
<opcode="add(8) " fcode="add"/>
<opset="indvar_flatten_next/2 "/>
</bind>
</comp>

<comp id="180" class="1004" name="tmp_3_i3_fu_180">
<pin_list>
<pin id="181" dir="0" index="0" bw="3" slack="0"/>
<pin id="182" dir="0" index="1" bw="3" slack="0"/>
<pin id="183" dir="1" index="2" bw="1" slack="0"/>
</pin_list>
<bind>
<opcode="icmp(45) " fcode="icmp"/>
<opset="tmp_3_i3/2 "/>
</bind>
</comp>

<comp id="186" class="1004" name="j_i_mid2_fu_186">
<pin_list>
<pin id="187" dir="0" index="0" bw="1" slack="0"/>
<pin id="188" dir="0" index="1" bw="1" slack="0"/>
<pin id="189" dir="0" index="2" bw="3" slack="0"/>
<pin id="190" dir="1" index="3" bw="3" slack="0"/>
</pin_list>
<bind>
<opcode="select(49) " fcode="select"/>
<opset="j_i_mid2/2 "/>
</bind>
</comp>

<comp id="194" class="1004" name="tmp_5_i_fu_194">
<pin_list>
<pin id="195" dir="0" index="0" bw="3" slack="0"/>
<pin id="196" dir="0" index="1" bw="3" slack="0"/>
<pin id="197" dir="1" index="2" bw="1" slack="1"/>
</pin_list>
<bind>
<opcode="icmp(45) " fcode="icmp"/>
<opset="tmp_5_i/2 "/>
</bind>
</comp>

<comp id="200" class="1004" name="j_fu_200">
<pin_list>
<pin id="201" dir="0" index="0" bw="3" slack="0"/>
<pin id="202" dir="0" index="1" bw="1" slack="0"/>
<pin id="203" dir="1" index="2" bw="3" slack="0"/>
</pin_list>
<bind>
<opcode="add(8) " fcode="add"/>
<opset="j/2 "/>
</bind>
</comp>

<comp id="206" class="1004" name="acc_i_mid2_fu_206">
<pin_list>
<pin id="207" dir="0" index="0" bw="1" slack="1"/>
<pin id="208" dir="0" index="1" bw="1" slack="0"/>
<pin id="209" dir="0" index="2" bw="34" slack="1"/>
<pin id="210" dir="1" index="3" bw="34" slack="0"/>
</pin_list>
<bind>
<opcode="select(49) " fcode="select"/>
<opset="acc_i_mid2/3 "/>
</bind>
</comp>

<comp id="213" class="1004" name="tmp_4_cast_i_fu_213">
<pin_list>
<pin id="214" dir="0" index="0" bw="32" slack="0"/>
<pin id="215" dir="1" index="1" bw="34" slack="0"/>
</pin_list>
<bind>
<opcode="sext(35) " fcode="sext"/>
<opset="tmp_4_cast_i/3 "/>
</bind>
</comp>

<comp id="217" class="1004" name="acc_fu_217">
<pin_list>
<pin id="218" dir="0" index="0" bw="32" slack="0"/>
<pin id="219" dir="0" index="1" bw="34" slack="0"/>
<pin id="220" dir="1" index="2" bw="34" slack="0"/>
</pin_list>
<bind>
<opcode="add(8) " fcode="add"/>
<opset="acc/3 "/>
</bind>
</comp>

<comp id="223" class="1004" name="tmp_6_fu_223">
<pin_list>
<pin id="224" dir="0" index="0" bw="32" slack="0"/>
<pin id="225" dir="0" index="1" bw="34" slack="0"/>
<pin id="226" dir="0" index="2" bw="3" slack="0"/>
<pin id="227" dir="0" index="3" bw="7" slack="0"/>
<pin id="228" dir="1" index="4" bw="32" slack="1"/>
</pin_list>
<bind>
<opcode="partselect(1002) " fcode="partselect"/>
<opset="tmp_6/3 "/>
</bind>
</comp>

<comp id="233" class="1005" name="tmp_8_reg_233">
<pin_list>
<pin id="234" dir="0" index="0" bw="14" slack="1"/>
<pin id="235" dir="1" index="1" bw="14" slack="1"/>
</pin_list>
<bind>
<opset="tmp_8 "/>
</bind>
</comp>

<comp id="238" class="1005" name="exitcond_flatten_reg_238">
<pin_list>
<pin id="239" dir="0" index="0" bw="1" slack="1"/>
<pin id="240" dir="1" index="1" bw="1" slack="2147483647"/>
</pin_list>
<bind>
<opset="exitcond_flatten "/>
</bind>
</comp>

<comp id="242" class="1005" name="indvar_flatten_next_reg_242">
<pin_list>
<pin id="243" dir="0" index="0" bw="14" slack="0"/>
<pin id="244" dir="1" index="1" bw="14" slack="0"/>
</pin_list>
<bind>
<opset="indvar_flatten_next "/>
</bind>
</comp>

<comp id="247" class="1005" name="tmp_3_i3_reg_247">
<pin_list>
<pin id="248" dir="0" index="0" bw="1" slack="1"/>
<pin id="249" dir="1" index="1" bw="1" slack="1"/>
</pin_list>
<bind>
<opset="tmp_3_i3 "/>
</bind>
</comp>

<comp id="252" class="1005" name="tmp_5_i_reg_252">
<pin_list>
<pin id="253" dir="0" index="0" bw="1" slack="1"/>
<pin id="254" dir="1" index="1" bw="1" slack="2147483647"/>
</pin_list>
<bind>
<opset="tmp_5_i "/>
</bind>
</comp>

<comp id="256" class="1005" name="j_reg_256">
<pin_list>
<pin id="257" dir="0" index="0" bw="3" slack="0"/>
<pin id="258" dir="1" index="1" bw="3" slack="0"/>
</pin_list>
<bind>
<opset="j "/>
</bind>
</comp>

<comp id="261" class="1005" name="acc_reg_261">
<pin_list>
<pin id="262" dir="0" index="0" bw="34" slack="1"/>
<pin id="263" dir="1" index="1" bw="34" slack="1"/>
</pin_list>
<bind>
<opset="acc "/>
</bind>
</comp>

<comp id="266" class="1005" name="tmp_6_reg_266">
<pin_list>
<pin id="267" dir="0" index="0" bw="32" slack="1"/>
<pin id="268" dir="1" index="1" bw="32" slack="1"/>
</pin_list>
<bind>
<opset="tmp_6 "/>
</bind>
</comp>

</comp_list>

<net_list>
<net id="102"><net_src comp="40" pin="0"/><net_sink comp="98" pin=0"/></net>

<net id="103"><net_src comp="4" pin="0"/><net_sink comp="98" pin=1"/></net>

<net id="108"><net_src comp="64" pin="0"/><net_sink comp="104" pin=0"/></net>

<net id="109"><net_src comp="2" pin="0"/><net_sink comp="104" pin=1"/></net>

<net id="115"><net_src comp="94" pin="0"/><net_sink comp="110" pin=0"/></net>

<net id="116"><net_src comp="0" pin="0"/><net_sink comp="110" pin=1"/></net>

<net id="120"><net_src comp="50" pin="0"/><net_sink comp="117" pin=0"/></net>

<net id="127"><net_src comp="117" pin="1"/><net_sink comp="121" pin=0"/></net>

<net id="131"><net_src comp="52" pin="0"/><net_sink comp="128" pin=0"/></net>

<net id="138"><net_src comp="128" pin="1"/><net_sink comp="132" pin=0"/></net>

<net id="142"><net_src comp="54" pin="0"/><net_sink comp="139" pin=0"/></net>

<net id="149"><net_src comp="139" pin="1"/><net_sink comp="143" pin=0"/></net>

<net id="150"><net_src comp="143" pin="4"/><net_sink comp="139" pin=0"/></net>

<net id="157"><net_src comp="42" pin="0"/><net_sink comp="151" pin=0"/></net>

<net id="158"><net_src comp="98" pin="2"/><net_sink comp="151" pin=1"/></net>

<net id="159"><net_src comp="20" pin="0"/><net_sink comp="151" pin=2"/></net>

<net id="160"><net_src comp="44" pin="0"/><net_sink comp="151" pin=3"/></net>

<net id="166"><net_src comp="46" pin="0"/><net_sink comp="161" pin=0"/></net>

<net id="167"><net_src comp="151" pin="4"/><net_sink comp="161" pin=1"/></net>

<net id="168"><net_src comp="48" pin="0"/><net_sink comp="161" pin=2"/></net>

<net id="173"><net_src comp="121" pin="4"/><net_sink comp="169" pin=0"/></net>

<net id="178"><net_src comp="121" pin="4"/><net_sink comp="174" pin=0"/></net>

<net id="179"><net_src comp="56" pin="0"/><net_sink comp="174" pin=1"/></net>

<net id="184"><net_src comp="132" pin="4"/><net_sink comp="180" pin=0"/></net>

<net id="185"><net_src comp="58" pin="0"/><net_sink comp="180" pin=1"/></net>

<net id="191"><net_src comp="180" pin="2"/><net_sink comp="186" pin=0"/></net>

<net id="192"><net_src comp="52" pin="0"/><net_sink comp="186" pin=1"/></net>

<net id="193"><net_src comp="132" pin="4"/><net_sink comp="186" pin=2"/></net>

<net id="198"><net_src comp="186" pin="3"/><net_sink comp="194" pin=0"/></net>

<net id="199"><net_src comp="60" pin="0"/><net_sink comp="194" pin=1"/></net>

<net id="204"><net_src comp="186" pin="3"/><net_sink comp="200" pin=0"/></net>

<net id="205"><net_src comp="62" pin="0"/><net_sink comp="200" pin=1"/></net>

<net id="211"><net_src comp="54" pin="0"/><net_sink comp="206" pin=1"/></net>

<net id="212"><net_src comp="139" pin="1"/><net_sink comp="206" pin=2"/></net>

<net id="216"><net_src comp="104" pin="2"/><net_sink comp="213" pin=0"/></net>

<net id="221"><net_src comp="213" pin="1"/><net_sink comp="217" pin=0"/></net>

<net id="222"><net_src comp="206" pin="3"/><net_sink comp="217" pin=1"/></net>

<net id="229"><net_src comp="66" pin="0"/><net_sink comp="223" pin=0"/></net>

<net id="230"><net_src comp="217" pin="2"/><net_sink comp="223" pin=1"/></net>

<net id="231"><net_src comp="20" pin="0"/><net_sink comp="223" pin=2"/></net>

<net id="232"><net_src comp="68" pin="0"/><net_sink comp="223" pin=3"/></net>

<net id="236"><net_src comp="161" pin="3"/><net_sink comp="233" pin=0"/></net>

<net id="237"><net_src comp="233" pin="1"/><net_sink comp="169" pin=1"/></net>

<net id="241"><net_src comp="169" pin="2"/><net_sink comp="238" pin=0"/></net>

<net id="245"><net_src comp="174" pin="2"/><net_sink comp="242" pin=0"/></net>

<net id="246"><net_src comp="242" pin="1"/><net_sink comp="121" pin=2"/></net>

<net id="250"><net_src comp="180" pin="2"/><net_sink comp="247" pin=0"/></net>

<net id="251"><net_src comp="247" pin="1"/><net_sink comp="206" pin=0"/></net>

<net id="255"><net_src comp="194" pin="2"/><net_sink comp="252" pin=0"/></net>

<net id="259"><net_src comp="200" pin="2"/><net_sink comp="256" pin=0"/></net>

<net id="260"><net_src comp="256" pin="1"/><net_sink comp="132" pin=2"/></net>

<net id="264"><net_src comp="217" pin="2"/><net_sink comp="261" pin=0"/></net>

<net id="265"><net_src comp="261" pin="1"/><net_sink comp="143" pin=2"/></net>

<net id="269"><net_src comp="223" pin="4"/><net_sink comp="266" pin=0"/></net>

<net id="270"><net_src comp="266" pin="1"/><net_sink comp="110" pin=2"/></net>

</net_list>

</model> 
---------------- Datapath Model END ------------------

* FSMD analyzer results:
  - Output states:
	Port: strm_out_V | {4 }
 - Input state : 
	Port: decimate_strm : strm_in_V | {3 }
	Port: decimate_strm : strm_len | {1 }
  - Chain level:
	State 1
		tmp_8 : 1
	State 2
		exitcond_flatten : 1
		indvar_flatten_next : 1
		StgValue_17 : 2
		tmp_3_i3 : 1
		j_i_mid2 : 2
		tmp_5_i : 3
		StgValue_21 : 4
		j : 3
	State 3
		acc : 1
		tmp_6 : 2
	State 4
		empty : 1
	State 5


============================================================
+ Verbose Summary: Datapath Resource usage 
============================================================

* Functional unit list:
|----------|----------------------------|---------|---------|
| Operation|       Functional Unit      |    FF   |   LUT   |
|----------|----------------------------|---------|---------|
|          | indvar_flatten_next_fu_174 |    47   |    19   |
|    add   |          j_fu_200          |    14   |    9    |
|          |         acc_fu_217         |   107   |    39   |
|----------|----------------------------|---------|---------|
|  select  |       j_i_mid2_fu_186      |    0    |    3    |
|          |      acc_i_mid2_fu_206     |    0    |    34   |
|----------|----------------------------|---------|---------|
|          |   exitcond_flatten_fu_169  |    0    |    7    |
|   icmp   |       tmp_3_i3_fu_180      |    0    |    1    |
|          |       tmp_5_i_fu_194       |    0    |    1    |
|----------|----------------------------|---------|---------|
|   read   |  strm_len_read_read_fu_98  |    0    |    0    |
|          |       tmp_read_fu_104      |    0    |    0    |
|----------|----------------------------|---------|---------|
|   write  |  StgValue_33_write_fu_110  |    0    |    0    |
|----------|----------------------------|---------|---------|
|partselect|        tmp_7_fu_151        |    0    |    0    |
|          |        tmp_6_fu_223        |    0    |    0    |
|----------|----------------------------|---------|---------|
|bitconcatenate|        tmp_8_fu_161        |    0    |    0    |
|----------|----------------------------|---------|---------|
|   sext   |     tmp_4_cast_i_fu_213    |    0    |    0    |
|----------|----------------------------|---------|---------|
|   Total  |                            |   168   |   113   |
|----------|----------------------------|---------|---------|

Memories:
N/A

* Register list:
+---------------------------+--------+
|                           |   FF   |
+---------------------------+--------+
|       acc_i_reg_139       |   34   |
|        acc_reg_261        |   34   |
|  exitcond_flatten_reg_238 |    1   |
|indvar_flatten_next_reg_242|   14   |
|   indvar_flatten_reg_117  |   14   |
|        j_i_reg_128        |    3   |
|         j_reg_256         |    3   |
|      tmp_3_i3_reg_247     |    1   |
|      tmp_5_i_reg_252      |    1   |
|       tmp_6_reg_266       |   32   |
|       tmp_8_reg_233       |   14   |
+---------------------------+--------+
|           Total           |   151  |
+---------------------------+--------+

* Multiplexer (MUX) list: 
|---------------|------|------|------|--------||---------||---------|
|      Comp     |  Pin | Size |  BW  | S x BW ||  Delay  ||   LUT   |
|---------------|------|------|------|--------||---------||---------|
| acc_i_reg_139 |  p0  |   2  |  34  |   68   ||    9    |
|---------------|------|------|------|--------||---------||---------|
|     Total     |      |      |      |   68   ||  1.029  ||    9    |
|---------------|------|------|------|--------||---------||---------|



* Summary:
+-----------+--------+--------+--------+
|           |  Delay |   FF   |   LUT  |
+-----------+--------+--------+--------+
|  Function |    -   |   168  |   113  |
|   Memory  |    -   |    -   |    -   |
|Multiplexer|    1   |    -   |    9   |
|  Register |    -   |   151  |    -   |
+-----------+--------+--------+--------+
|   Total   |    1   |   319  |   122  |
+-----------+--------+--------+--------+
