

================================================================
== Vivado HLS Report for 'strm_words2bytes'
================================================================
* Date:           Sun Dec 24 20:03:14 2017

* Version:        2016.4 (Build 1733598 on Wed Dec 14 22:59:20 MST 2016)
* Project:        proj_hls_stream
* Solution:       solution1
* Product family: kintex7
* Target device:  xc7k160tfbg484-1


================================================================
== Performance Estimates
================================================================
+ Timing (ns): 
    * Summary: 
    +--------+-------+----------+------------+
    |  Clock | Target| Estimated| Uncertainty|
    +--------+-------+----------+------------+
    |ap_clk  |   5.00|      2.08|        0.62|
    +--------+-------+----------+------------+

+ Latency (clock cycles): 
    * Summary: 
    +-----+-----+-----+-----+---------+
    |  Latency  |  Interval | Pipeline|
    | min | max | min | max |   Type  |
    +-----+-----+-----+-----+---------+
    |    1|  745|    1|  745|   none  |
    +-----+-----+-----+-----+---------+

    + Detail: 
        * Instance: 
        N/A

        * Loop: 
        +--------------------+-----+-----+----------+-----------+-----------+---------+----------+
        |                    |  Latency  | Iteration|  Initiation Interval  |   Trip  |          |
        |      Loop Name     | min | max |  Latency |  achieved |   target  |  Count  | Pipelined|
        +--------------------+-----+-----+----------+-----------+-----------+---------+----------+
        |- WORDS2BYTES_LOOP  |    0|  744|         2|          -|          -| 0 ~ 372 |    no    |
        +--------------------+-----+-----+----------+-----------+-----------+---------+----------+



================================================================
== Utilization Estimates
================================================================
* Summary: 
+-----------------+---------+-------+--------+--------+
|       Name      | BRAM_18K| DSP48E|   FF   |   LUT  |
+-----------------+---------+-------+--------+--------+
|DSP              |        -|      -|       -|       -|
|Expression       |        -|      -|       0|      28|
|FIFO             |        -|      -|       -|       -|
|Instance         |        -|      -|       -|       -|
|Memory           |        -|      -|       -|       -|
|Multiplexer      |        -|      -|       -|      62|
|Register         |        -|      -|      94|       -|
+-----------------+---------+-------+--------+--------+
|Total            |        0|      0|      94|      90|
+-----------------+---------+-------+--------+--------+
|Available        |      650|    600|  202800|  101400|
+-----------------+---------+-------+--------+--------+
|Utilization (%)  |        0|      0|   ~0   |   ~0   |
+-----------------+---------+-------+--------+--------+

+ Detail: 
    * Instance: 
    N/A

    * DSP48: 
    N/A

    * Memory: 
    N/A

    * FIFO: 
    N/A

    * Expression: 
    +------------------------------+----------+-------+---+----+------------+------------+
    |         Variable Name        | Operation| DSP48E| FF| LUT| Bitwidth P0| Bitwidth P1|
    +------------------------------+----------+-------+---+----+------------+------------+
    |i_fu_149_p2                   |     +    |      0|  0|  16|           1|          16|
    |bytes_out_V_1_load_A          |    and   |      0|  0|   1|           1|           1|
    |bytes_out_V_1_load_B          |    and   |      0|  0|   1|           1|           1|
    |bytes_out_V_1_state_cmp_full  |   icmp   |      0|  0|   1|           2|           1|
    |exitcond_i_i_fu_144_p2        |   icmp   |      0|  0|   6|          17|          17|
    |tmp_2_i_i_fu_155_p2           |   icmp   |      0|  0|   1|           2|           1|
    |ap_condition_134              |    or    |      0|  0|   1|           1|           1|
    |ap_condition_144              |    or    |      0|  0|   1|           1|           1|
    +------------------------------+----------+-------+---+----+------------+------------+
    |Total                         |          |      0|  0|  28|          26|          39|
    +------------------------------+----------+-------+---+----+------------+------------+

    * Multiplexer: 
    +-------------------------+----+-----------+-----+-----------+
    |           Name          | LUT| Input Size| Bits| Total Bits|
    +-------------------------+----+-----------+-----+-----------+
    |ap_NS_fsm                |   1|          4|    1|          4|
    |bytes_out_V_1_data_out   |   8|          2|    8|         16|
    |bytes_out_V_1_state      |   2|          3|    2|          6|
    |bytes_out_V_TDATA_blk_n  |   1|          2|    1|          2|
    |bytes_out_len_loc_blk_n  |   1|          2|    1|          2|
    |i_i_i_reg_103            |  16|          2|   16|         32|
    |p_0_1_i_i_phi_fu_117_p4  |  32|          3|   32|         96|
    |words_in_V_blk_n         |   1|          2|    1|          2|
    +-------------------------+----+-----------+-----+-----------+
    |Total                    |  62|         20|   62|        160|
    +-------------------------+----+-----------+-----+-----------+

    * Register: 
    +-------------------------+----+----+-----+-----------+
    |           Name          | FF | LUT| Bits| Const Bits|
    +-------------------------+----+----+-----+-----------+
    |ap_CS_fsm                |   3|   0|    3|          0|
    |ap_done_reg              |   1|   0|    1|          0|
    |bytes_out_V_1_payload_A  |   8|   0|    8|          0|
    |bytes_out_V_1_payload_B  |   8|   0|    8|          0|
    |bytes_out_V_1_sel_rd     |   1|   0|    1|          0|
    |bytes_out_V_1_sel_wr     |   1|   0|    1|          0|
    |bytes_out_V_1_state      |   2|   0|    2|          0|
    |i_i_i_reg_103            |  16|   0|   16|          0|
    |i_reg_195                |  16|   0|   16|          0|
    |p_0_i_i_fu_80            |  24|   0|   24|          0|
    |tmp_cast_i_i_reg_187     |  14|   0|   17|          3|
    +-------------------------+----+----+-----+-----------+
    |Total                    |  94|   0|   97|          3|
    +-------------------------+----+----+-----+-----------+



================================================================
== Interface
================================================================
* Summary: 
+---------------------------+-----+-----+------------+-------------------+--------------+
|         RTL Ports         | Dir | Bits|  Protocol  |   Source Object   |    C Type    |
+---------------------------+-----+-----+------------+-------------------+--------------+
|ap_clk                     |  in |    1| ap_ctrl_hs |  strm_words2bytes | return value |
|ap_rst                     |  in |    1| ap_ctrl_hs |  strm_words2bytes | return value |
|ap_start                   |  in |    1| ap_ctrl_hs |  strm_words2bytes | return value |
|ap_done                    | out |    1| ap_ctrl_hs |  strm_words2bytes | return value |
|ap_continue                |  in |    1| ap_ctrl_hs |  strm_words2bytes | return value |
|ap_idle                    | out |    1| ap_ctrl_hs |  strm_words2bytes | return value |
|ap_ready                   | out |    1| ap_ctrl_hs |  strm_words2bytes | return value |
|bytes_out_V_TDATA          | out |    8|    axis    |    bytes_out_V    |    pointer   |
|bytes_out_V_TVALID         | out |    1|    axis    |    bytes_out_V    |    pointer   |
|bytes_out_V_TREADY         |  in |    1|    axis    |    bytes_out_V    |    pointer   |
|words_in_V_dout            |  in |   32|   ap_fifo  |     words_in_V    |    pointer   |
|words_in_V_empty_n         |  in |    1|   ap_fifo  |     words_in_V    |    pointer   |
|words_in_V_read            | out |    1|   ap_fifo  |     words_in_V    |    pointer   |
|bytes_out_len_loc_dout     |  in |   14|   ap_fifo  | bytes_out_len_loc |    pointer   |
|bytes_out_len_loc_empty_n  |  in |    1|   ap_fifo  | bytes_out_len_loc |    pointer   |
|bytes_out_len_loc_read     | out |    1|   ap_fifo  | bytes_out_len_loc |    pointer   |
+---------------------------+-----+-----+------------+-------------------+--------------+

