

================================================================
== Vivado HLS Report for 'apint_arith'
================================================================
* Date:           Mon Oct 30 12:08:22 2017

* Version:        2017.2 (Build 1909853 on Thu Jun 15 18:55:24 MDT 2017)
* Project:        proj_apint_arith
* Solution:       solution1
* Product family: kintex7
* Target device:  xc7k160tfbg484-1


================================================================
== Performance Estimates
================================================================
+ Timing (ns): 
    * Summary: 
    +--------+-------+----------+------------+
    |  Clock | Target| Estimated| Uncertainty|
    +--------+-------+----------+------------+
    |ap_clk  |   4.00|      3.49|        0.50|
    +--------+-------+----------+------------+

+ Latency (clock cycles): 
    * Summary: 
    +-----+-----+-----+-----+---------+
    |  Latency  |  Interval | Pipeline|
    | min | max | min | max |   Type  |
    +-----+-----+-----+-----+---------+
    |   36|   36|   37|   37|   none  |
    +-----+-----+-----+-----+---------+

    + Detail: 
        * Instance: 
        N/A

        * Loop: 
        N/A



================================================================
== Utilization Estimates
================================================================
* Summary: 
+-----------------+---------+-------+--------+--------+
|       Name      | BRAM_18K| DSP48E|   FF   |   LUT  |
+-----------------+---------+-------+--------+--------+
|DSP              |        -|      1|       -|       -|
|Expression       |        -|      -|      44|      18|
|FIFO             |        -|      -|       -|       -|
|Instance         |        -|      -|     680|     415|
|Memory           |        -|      -|       -|       -|
|Multiplexer      |        -|      -|       -|     169|
|Register         |        -|      -|      37|       -|
+-----------------+---------+-------+--------+--------+
|Total            |        0|      1|     761|     602|
+-----------------+---------+-------+--------+--------+
|Available        |      650|    600|  202800|  101400|
+-----------------+---------+-------+--------+--------+
|Utilization (%)  |        0|   ~0  |   ~0   |   ~0   |
+-----------------+---------+-------+--------+--------+

+ Detail: 
    * Instance: 
    +-------------------------+----------------------+---------+-------+-----+-----+
    |         Instance        |        Module        | BRAM_18K| DSP48E|  FF | LUT |
    +-------------------------+----------------------+---------+-------+-----+-----+
    |apint_arith_sdiv_cud_U2  |apint_arith_sdiv_cud  |        0|      0|  274|  168|
    |apint_arith_srem_bkb_U1  |apint_arith_srem_bkb  |        0|      0|  406|  247|
    +-------------------------+----------------------+---------+-------+-----+-----+
    |Total                    |                      |        0|      0|  680|  415|
    +-------------------------+----------------------+---------+-------+-----+-----+

    * DSP48: 
    +-------------------------+----------------------+-----------+
    |         Instance        |        Module        | Expression|
    +-------------------------+----------------------+-----------+
    |apint_arith_mul_mdEe_U3  |apint_arith_mul_mdEe  |  i0 * i1  |
    +-------------------------+----------------------+-----------+

    * Memory: 
    N/A

    * FIFO: 
    N/A

    * Expression: 
    +--------------+----------+-------+----+----+------------+------------+
    | Variable Name| Operation| DSP48E| FF | LUT| Bitwidth P0| Bitwidth P1|
    +--------------+----------+-------+----+----+------------+------------+
    |out2          |     +    |      0|  44|  18|          13|          13|
    +--------------+----------+-------+----+----+------------+------------+
    |Total         |          |      0|  44|  18|          13|          13|
    +--------------+----------+-------+----+----+------------+------------+

    * Multiplexer: 
    +-----------+-----+-----------+-----+-----------+
    |    Name   | LUT | Input Size| Bits| Total Bits|
    +-----------+-----+-----------+-----+-----------+
    |ap_NS_fsm  |  169|         38|    1|         38|
    +-----------+-----+-----------+-----+-----------+
    |Total      |  169|         38|    1|         38|
    +-----------+-----+-----------+-----+-----------+

    * Register: 
    +-----------+----+----+-----+-----------+
    |    Name   | FF | LUT| Bits| Const Bits|
    +-----------+----+----+-----+-----------+
    |ap_CS_fsm  |  37|   0|   37|          0|
    +-----------+----+----+-----+-----------+
    |Total      |  37|   0|   37|          0|
    +-----------+----+----+-----+-----------+



================================================================
== Interface
================================================================
* Summary: 
+-------------+-----+-----+------------+--------------+--------------+
|  RTL Ports  | Dir | Bits|  Protocol  | Source Object|    C Type    |
+-------------+-----+-----+------------+--------------+--------------+
|ap_clk       |  in |    1| ap_ctrl_hs |  apint_arith | return value |
|ap_rst       |  in |    1| ap_ctrl_hs |  apint_arith | return value |
|ap_start     |  in |    1| ap_ctrl_hs |  apint_arith | return value |
|ap_done      | out |    1| ap_ctrl_hs |  apint_arith | return value |
|ap_idle      | out |    1| ap_ctrl_hs |  apint_arith | return value |
|ap_ready     | out |    1| ap_ctrl_hs |  apint_arith | return value |
|inA          |  in |    6|   ap_none  |      inA     |    scalar    |
|inB          |  in |   12|   ap_none  |      inB     |    scalar    |
|inC          |  in |   22|   ap_none  |      inC     |    scalar    |
|inD          |  in |   33|   ap_none  |      inD     |    scalar    |
|out1         | out |   18|   ap_vld   |     out1     |    pointer   |
|out1_ap_vld  | out |    1|   ap_vld   |     out1     |    pointer   |
|out2         | out |   13|   ap_vld   |     out2     |    pointer   |
|out2_ap_vld  | out |    1|   ap_vld   |     out2     |    pointer   |
|out3         | out |   22|   ap_vld   |     out3     |    pointer   |
|out3_ap_vld  | out |    1|   ap_vld   |     out3     |    pointer   |
|out4         | out |    6|   ap_vld   |     out4     |    pointer   |
|out4_ap_vld  | out |    1|   ap_vld   |     out4     |    pointer   |
+-------------+-----+-----+------------+--------------+--------------+

