

================================================================
== Vivado HLS Report for 'pointer_arith'
================================================================
* Date:           Tue Nov 21 15:29:37 2017

* Version:        2017.2 (Build 1909853 on Thu Jun 15 18:55:24 MDT 2017)
* Project:        proj_pointer_arith
* Solution:       solution1
* Product family: kintex7
* Target device:  xc7k160tfbg484-1


================================================================
== Performance Estimates
================================================================
+ Timing (ns): 
    * Summary: 
    +--------+-------+----------+------------+
    |  Clock | Target| Estimated| Uncertainty|
    +--------+-------+----------+------------+
    |ap_clk  |   4.00|      3.50|        0.50|
    +--------+-------+----------+------------+

+ Latency (clock cycles): 
    * Summary: 
    +-----+-----+-----+-----+---------+
    |  Latency  |  Interval | Pipeline|
    | min | max | min | max |   Type  |
    +-----+-----+-----+-----+---------+
    |   25|   25|   26|   26|   none  |
    +-----+-----+-----+-----+---------+

    + Detail: 
        * Instance: 
        N/A

        * Loop: 
        +----------+-----+-----+----------+-----------+-----------+------+----------+
        |          |  Latency  | Iteration|  Initiation Interval  | Trip |          |
        | Loop Name| min | max |  Latency |  achieved |   target  | Count| Pipelined|
        +----------+-----+-----+----------+-----------+-----------+------+----------+
        |- Loop 1  |   24|   24|         6|          -|          -|     4|    no    |
        +----------+-----+-----+----------+-----------+-----------+------+----------+



================================================================
== Utilization Estimates
================================================================
* Summary: 
+-----------------+---------+-------+--------+--------+
|       Name      | BRAM_18K| DSP48E|   FF   |   LUT  |
+-----------------+---------+-------+--------+--------+
|DSP              |        -|      -|       -|       -|
|Expression       |        -|      -|     115|      48|
|FIFO             |        -|      -|       -|       -|
|Instance         |        -|      -|       -|       -|
|Memory           |        -|      -|       -|       -|
|Multiplexer      |        -|      -|       -|      65|
|Register         |        -|      -|     109|       -|
+-----------------+---------+-------+--------+--------+
|Total            |        0|      0|     224|     113|
+-----------------+---------+-------+--------+--------+
|Available        |      650|    600|  202800|  101400|
+-----------------+---------+-------+--------+--------+
|Utilization (%)  |        0|      0|   ~0   |   ~0   |
+-----------------+---------+-------+--------+--------+

+ Detail: 
    * Instance: 
    N/A

    * DSP48: 
    N/A

    * Memory: 
    N/A

    * FIFO: 
    N/A

    * Expression: 
    +-------------------+----------+-------+-----+----+------------+------------+
    |   Variable Name   | Operation| DSP48E|  FF | LUT| Bitwidth P0| Bitwidth P1|
    +-------------------+----------+-------+-----+----+------------+------------+
    |i_1_fu_72_p2       |     +    |      0|   14|   9|           3|           1|
    |tmp_1_fu_92_p2     |     +    |      0|  101|  37|          32|          32|
    |exitcond_fu_66_p2  |   icmp   |      0|    0|   2|           3|           4|
    +-------------------+----------+-------+-----+----+------------+------------+
    |Total              |          |      0|  115|  48|          38|          37|
    +-------------------+----------+-------+-----+----+------------+------------+

    * Multiplexer: 
    +-----------+----+-----------+-----+-----------+
    |    Name   | LUT| Input Size| Bits| Total Bits|
    +-----------+----+-----------+-----+-----------+
    |ap_NS_fsm  |  41|          8|    1|          8|
    |d_address  |  15|          3|   32|         96|
    |i_reg_54   |   9|          2|    3|          6|
    +-----------+----+-----------+-----+-----------+
    |Total      |  65|         13|   36|        110|
    +-----------+----+-----------+-----+-----------+

    * Register: 
    +---------------------+----+----+-----+-----------+
    |         Name        | FF | LUT| Bits| Const Bits|
    +---------------------+----+----+-----+-----------+
    |acc                  |  32|   0|   32|          0|
    |ap_CS_fsm            |   7|   0|    7|          0|
    |d_addr_read_reg_129  |  32|   0|   32|          0|
    |i_1_reg_117          |   3|   0|    3|          0|
    |i_reg_54             |   3|   0|    3|          0|
    |tmp_1_reg_134        |  32|   0|   32|          0|
    +---------------------+----+----+-----+-----------+
    |Total                | 109|   0|  109|          0|
    +---------------------+----+----+-----+-----------+



================================================================
== Interface
================================================================
* Summary: 
+---------------+-----+-----+------------+---------------+--------------+
|   RTL Ports   | Dir | Bits|  Protocol  | Source Object |    C Type    |
+---------------+-----+-----+------------+---------------+--------------+
|ap_clk         |  in |    1| ap_ctrl_hs | pointer_arith | return value |
|ap_rst         |  in |    1| ap_ctrl_hs | pointer_arith | return value |
|ap_start       |  in |    1| ap_ctrl_hs | pointer_arith | return value |
|ap_done        | out |    1| ap_ctrl_hs | pointer_arith | return value |
|ap_idle        | out |    1| ap_ctrl_hs | pointer_arith | return value |
|ap_ready       | out |    1| ap_ctrl_hs | pointer_arith | return value |
|d_req_din      | out |    1|   ap_bus   |       d       |    pointer   |
|d_req_full_n   |  in |    1|   ap_bus   |       d       |    pointer   |
|d_req_write    | out |    1|   ap_bus   |       d       |    pointer   |
|d_rsp_empty_n  |  in |    1|   ap_bus   |       d       |    pointer   |
|d_rsp_read     | out |    1|   ap_bus   |       d       |    pointer   |
|d_address      | out |   32|   ap_bus   |       d       |    pointer   |
|d_datain       |  in |   32|   ap_bus   |       d       |    pointer   |
|d_dataout      | out |   32|   ap_bus   |       d       |    pointer   |
|d_size         | out |   32|   ap_bus   |       d       |    pointer   |
+---------------+-----+-----+------------+---------------+--------------+

